<?xml version="1.0" encoding="UTF-8"?>
<!-- Generated by org.testng.reporters.JUnitReportReporter -->
<testsuite hostname="ubuntu" failures="0" tests="1" name="tests.TestExamples" time="1.578" errors="0" timestamp="2021-08-13T09:55:55 IST" skipped="0">
  <testcase classname="tests.TestExamples" name="test_1" time="1.578"/>
  <system-out/>
</testsuite> <!-- tests.TestExamples -->
