<?xml version="1.0" encoding="UTF-8"?>
<!-- Generated by org.testng.reporters.JUnitReportReporter -->
<testsuite hostname="ubuntu" failures="0" tests="1" name="tests.GetAndPostExample" time="2.443" errors="0" timestamp="2021-08-13T15:24:54 IST" skipped="0">
  <testcase classname="tests.GetAndPostExample" name="testPost" time="2.443"/>
  <system-out/>
</testsuite> <!-- tests.GetAndPostExample -->
