<?xml version="1.0" encoding="UTF-8"?>
<!-- Generated by org.testng.reporters.JUnitReportReporter -->
<testsuite hostname="ubuntu" failures="0" tests="3" name="tests.putPatchandDeleteExample" time="3.756" errors="0" timestamp="2021-08-13T15:49:05 IST" skipped="0">
  <testcase classname="tests.putPatchandDeleteExample" name="testPut" time="0.635"/>
  <system-out/>
  <testcase classname="tests.putPatchandDeleteExample" name="testDelete" time="2.278"/>
  <system-out/>
  <testcase classname="tests.putPatchandDeleteExample" name="testPatch" time="0.843"/>
  <system-out/>
</testsuite> <!-- tests.putPatchandDeleteExample -->
